Aug-12 22:57:51.834 [main] DEBUG nextflow.cli.Launcher - $> nextflow run tutorial.nf
Aug-12 22:57:51.939 [main] DEBUG nextflow.cli.CmdRun - N E X T F L O W  ~  version 24.04.4
Aug-12 22:57:51.972 [main] DEBUG nextflow.plugin.PluginsFacade - Setting up plugin manager > mode=prod; embedded=false; plugins-dir=/home/akanksha_wsl/.nextflow/plugins; core-plugins: nf-amazon@2.5.3,nf-azure@1.6.1,nf-cloudcache@0.4.1,nf-codecommit@0.2.1,nf-console@1.1.3,nf-ga4gh@1.3.0,nf-google@1.13.2-patch1,nf-tower@1.9.1,nf-wave@1.4.2-patch1
Aug-12 22:57:51.987 [main] INFO  o.pf4j.DefaultPluginStatusProvider - Enabled plugins: []
Aug-12 22:57:51.988 [main] INFO  o.pf4j.DefaultPluginStatusProvider - Disabled plugins: []
Aug-12 22:57:51.993 [main] INFO  org.pf4j.DefaultPluginManager - PF4J version 3.12.0 in 'deployment' mode
Aug-12 22:57:52.010 [main] INFO  org.pf4j.AbstractPluginManager - No plugins
Aug-12 22:57:52.104 [main] DEBUG nextflow.cli.CmdRun - Applied DSL=2 by global default
Aug-12 22:57:52.125 [main] DEBUG nextflow.cli.CmdRun - Launching `tutorial.nf` [confident_torricelli] DSL2 - revision: f778e0d112
Aug-12 22:57:52.128 [main] DEBUG nextflow.plugin.PluginsFacade - Plugins default=[]
Aug-12 22:57:52.129 [main] DEBUG nextflow.plugin.PluginsFacade - Plugins resolved requirement=[]
Aug-12 22:57:52.224 [main] DEBUG nextflow.Session - Session UUID: 1a66a9ce-aa3f-485e-bb37-361048d862ee
Aug-12 22:57:52.224 [main] DEBUG nextflow.Session - Run name: confident_torricelli
Aug-12 22:57:52.225 [main] DEBUG nextflow.Session - Executor pool size: 8
Aug-12 22:57:52.235 [main] DEBUG nextflow.file.FilePorter - File porter settings maxRetries=3; maxTransfers=50; pollTimeout=null
Aug-12 22:57:52.245 [main] DEBUG nextflow.util.ThreadPoolBuilder - Creating thread pool 'FileTransfer' minSize=10; maxSize=24; workQueue=LinkedBlockingQueue[10000]; allowCoreThreadTimeout=false
Aug-12 22:57:52.273 [main] DEBUG nextflow.cli.CmdRun - 
  Version: 24.04.4 build 5917
  Created: 01-08-2024 07:05 UTC (03:05 EDT)
  System: Linux 5.15.153.1-microsoft-standard-WSL2
  Runtime: Groovy 4.0.21 on OpenJDK 64-Bit Server VM 17.0.12+7-Ubuntu-1ubuntu222.04
  Encoding: UTF-8 (UTF-8)
  Process: 15251@DESKTOP-TVF2FSS [127.0.1.1]
  CPUs: 8 - Mem: 15.5 GB (13.4 GB) - Swap: 4 GB (4 GB)
Aug-12 22:57:52.304 [main] DEBUG nextflow.Session - Work-dir: /home/akanksha_wsl/ws/nextflow/work [ext2/ext3]
Aug-12 22:57:52.304 [main] DEBUG nextflow.Session - Script base path does not exist or is not a directory: /home/akanksha_wsl/ws/nextflow/bin
Aug-12 22:57:52.318 [main] DEBUG nextflow.executor.ExecutorFactory - Extension executors providers=[]
Aug-12 22:57:52.329 [main] DEBUG nextflow.Session - Observer factory: DefaultObserverFactory
Aug-12 22:57:52.374 [main] DEBUG nextflow.cache.CacheFactory - Using Nextflow cache factory: nextflow.cache.DefaultCacheFactory
Aug-12 22:57:52.387 [main] DEBUG nextflow.util.CustomThreadPool - Creating default thread pool > poolSize: 9; maxThreads: 1000
Aug-12 22:57:52.470 [main] DEBUG nextflow.Session - Session start
Aug-12 22:57:53.118 [main] DEBUG nextflow.script.ScriptRunner - > Launching execution
Aug-12 22:57:53.140 [main] DEBUG n.secret.LocalSecretsProvider - Secrets store: /home/akanksha_wsl/.nextflow/secrets/store.json
Aug-12 22:57:53.151 [main] DEBUG nextflow.secret.SecretsLoader - Discovered secrets providers: [nextflow.secret.LocalSecretsProvider@68dd39d2] - activable => nextflow.secret.LocalSecretsProvider@68dd39d2
Aug-12 22:57:53.258 [main] DEBUG nextflow.executor.ExecutorFactory - << taskConfig executor: null
Aug-12 22:57:53.258 [main] DEBUG nextflow.executor.ExecutorFactory - >> processorType: 'local'
Aug-12 22:57:53.266 [main] DEBUG nextflow.executor.Executor - [warm up] executor > local
Aug-12 22:57:53.273 [main] DEBUG n.processor.LocalPollingMonitor - Creating local task monitor for executor 'local' > cpus=8; memory=15.5 GB; capacity=8; pollInterval=100ms; dumpInterval=5m
Aug-12 22:57:53.276 [main] DEBUG n.processor.TaskPollingMonitor - >>> barrier register (monitor: local)
Aug-12 22:57:53.441 [main] DEBUG nextflow.executor.ExecutorFactory - << taskConfig executor: null
Aug-12 22:57:53.441 [main] DEBUG nextflow.executor.ExecutorFactory - >> processorType: 'local'
Aug-12 22:57:53.463 [main] DEBUG nextflow.Session - Workflow process names [dsl2]: convertToUpper, splitLetters
Aug-12 22:57:53.464 [main] DEBUG nextflow.Session - Igniting dataflow network (2)
Aug-12 22:57:53.465 [main] DEBUG nextflow.processor.TaskProcessor - Starting process > splitLetters
Aug-12 22:57:53.465 [main] DEBUG nextflow.processor.TaskProcessor - Starting process > convertToUpper
Aug-12 22:57:53.466 [main] DEBUG nextflow.script.ScriptRunner - Parsed script files:
  Script_5fff74945b354a1a: /home/akanksha_wsl/ws/nextflow/tutorial.nf
Aug-12 22:57:53.467 [main] DEBUG nextflow.script.ScriptRunner - > Awaiting termination 
Aug-12 22:57:53.467 [main] DEBUG nextflow.Session - Session await
Aug-12 22:57:53.704 [Task submitter] DEBUG n.executor.local.LocalTaskHandler - Launch cmd line: /bin/bash -ue .command.run
Aug-12 22:57:53.707 [Task submitter] INFO  nextflow.Session - [5e/4f775b] Submitted process > splitLetters
Aug-12 22:57:53.739 [Task monitor] DEBUG n.processor.TaskPollingMonitor - Task completed > TaskHandler[id: 1; name: splitLetters; status: COMPLETED; exit: 0; error: -; workDir: /home/akanksha_wsl/ws/nextflow/work/5e/4f775b24e2a746f2e89d49bade5046]
Aug-12 22:57:53.742 [Task monitor] DEBUG nextflow.util.ThreadPoolBuilder - Creating thread pool 'TaskFinalizer' minSize=10; maxSize=24; workQueue=LinkedBlockingQueue[10000]; allowCoreThreadTimeout=false
Aug-12 22:57:53.829 [Task submitter] DEBUG n.executor.local.LocalTaskHandler - Launch cmd line: /bin/bash -ue .command.run
Aug-12 22:57:53.830 [Task submitter] INFO  nextflow.Session - [eb/f12238] Submitted process > convertToUpper (2)
Aug-12 22:57:53.839 [Task submitter] DEBUG n.executor.local.LocalTaskHandler - Launch cmd line: /bin/bash -ue .command.run
Aug-12 22:57:53.841 [Task submitter] INFO  nextflow.Session - [c9/0c10b4] Submitted process > convertToUpper (1)
Aug-12 22:57:53.853 [Task monitor] DEBUG n.processor.TaskPollingMonitor - Task completed > TaskHandler[id: 3; name: convertToUpper (2); status: COMPLETED; exit: 0; error: -; workDir: /home/akanksha_wsl/ws/nextflow/work/eb/f12238beb1d80a043e01b9cbb65157]
Aug-12 22:57:53.858 [Task monitor] DEBUG n.processor.TaskPollingMonitor - Task completed > TaskHandler[id: 2; name: convertToUpper (1); status: COMPLETED; exit: 0; error: -; workDir: /home/akanksha_wsl/ws/nextflow/work/c9/0c10b4a0d52c7ac083a51ab3827bd5]
Aug-12 22:57:53.861 [main] DEBUG nextflow.Session - Session await > all processes finished
Aug-12 22:57:53.958 [Task monitor] DEBUG n.processor.TaskPollingMonitor - <<< barrier arrives (monitor: local) - terminating tasks monitor poll loop
Aug-12 22:57:53.959 [main] DEBUG nextflow.Session - Session await > all barriers passed
Aug-12 22:57:53.963 [main] DEBUG nextflow.util.ThreadPoolManager - Thread pool 'TaskFinalizer' shutdown completed (hard=false)
Aug-12 22:57:53.970 [main] DEBUG n.trace.WorkflowStatsObserver - Workflow completed > WorkflowStats[succeededCount=3; failedCount=0; ignoredCount=0; cachedCount=0; pendingCount=0; submittedCount=0; runningCount=0; retriesCount=0; abortedCount=0; succeedDuration=8ms; failedDuration=0ms; cachedDuration=0ms;loadCpus=0; loadMemory=0; peakRunning=2; peakCpus=2; peakMemory=0; ]
Aug-12 22:57:54.125 [main] DEBUG nextflow.cache.CacheDB - Closing CacheDB done
Aug-12 22:57:54.169 [main] DEBUG nextflow.util.ThreadPoolManager - Thread pool 'FileTransfer' shutdown completed (hard=false)
Aug-12 22:57:54.170 [main] DEBUG nextflow.script.ScriptRunner - > Execution complete -- Goodbye
